<?xml version="1.0" encoding="UTF-8"?>
<testng-results ignored="0" total="2" passed="2" failed="0" skipped="0">
  <reporter-output>
  </reporter-output>
  <suite started-at="2021-09-29T09:50:45 IST" name="swag" finished-at="2021-09-29T09:51:19 IST" duration-ms="33887">
    <groups>
    </groups>
    <test started-at="2021-09-29T09:50:45 IST" name="Swag Test" finished-at="2021-09-29T09:51:19 IST" duration-ms="33887">
      <class name="testCases.TC1">
        <test-method is-config="true" signature="setUp()[pri:0, instance:testCases.TC1@6e0f5f7f]" started-at="2021-09-29T09:50:45 IST" name="setUp" finished-at="2021-09-29T09:50:51 IST" duration-ms="5338" status="PASS">
          <reporter-output>
          </reporter-output>
        </test-method> <!-- setUp -->
        <test-method signature="login()[pri:0, instance:testCases.TC1@6e0f5f7f]" started-at="2021-09-29T09:50:51 IST" name="login" finished-at="2021-09-29T09:51:18 IST" duration-ms="27183" status="PASS">
          <reporter-output>
          </reporter-output>
        </test-method> <!-- login -->
        <test-method signature="test2()[pri:0, instance:testCases.TC1@6e0f5f7f]" started-at="2021-09-29T09:51:18 IST" name="test2" finished-at="2021-09-29T09:51:18 IST" duration-ms="1" status="PASS">
          <reporter-output>
          </reporter-output>
        </test-method> <!-- test2 -->
        <test-method is-config="true" signature="tearDown()[pri:0, instance:testCases.TC1@6e0f5f7f]" started-at="2021-09-29T09:51:18 IST" name="tearDown" finished-at="2021-09-29T09:51:19 IST" duration-ms="1275" status="PASS">
          <reporter-output>
          </reporter-output>
        </test-method> <!-- tearDown -->
      </class> <!-- testCases.TC1 -->
    </test> <!-- Swag Test -->
  </suite> <!-- swag -->
</testng-results>
